<?xml version="1.0" encoding="UTF-8"?>
<!-- Generated by org.testng.reporters.JUnitReportReporter -->
<testsuite hostname="LAPTOP-GAUPM6CM" failures="0" tests="4" name="may10th.TestNGDemo1" time="0.019" errors="0" timestamp="2024-05-10T21:09:43 IST" skipped="0">
  <testcase classname="may10th.TestNGDemo1" name="registrationTest" time="0.006"/>
  <testcase classname="may10th.TestNGDemo1" name="loginTest" time="0.010"/>
  <testcase classname="may10th.TestNGDemo1" name="forgotPasswordTest" time="0.002"/>
  <testcase classname="may10th.TestNGDemo1" name="changePasswordTest" time="0.001"/>
</testsuite> <!-- may10th.TestNGDemo1 -->
