<?xml version="1.0" encoding="UTF-8"?>
<!-- Generated by org.testng.reporters.JUnitReportReporter -->
<testsuite hostname="LAPTOP-GAUPM6CM" failures="0" tests="1" name="may14th.MouseHover" time="17.819" errors="0" timestamp="2024-05-14T21:37:14 IST" skipped="0">
  <testcase classname="may14th.MouseHover" name="mouseHoverTest" time="17.819"/>
</testsuite> <!-- may14th.MouseHover -->
