<?xml version="1.0" encoding="UTF-8"?>
<!-- Generated by org.testng.reporters.JUnitReportReporter -->
<testsuite hostname="LAPTOP-GAUPM6CM" failures="0" tests="2" name="may10th.ValidateLogin" time="17.564" errors="0" timestamp="2024-05-10T21:25:06 IST" skipped="0">
  <testcase classname="may10th.ValidateLogin" name="validateLoginUsingValidUsernameAndValidPassword" time="7.887"/>
  <testcase classname="may10th.ValidateLogin" name="validateLoginUsingInValidUsernameAndValidPassword" time="9.677"/>
</testsuite> <!-- may10th.ValidateLogin -->
