<?xml version="1.0" encoding="UTF-8"?>
<!-- Generated by org.testng.reporters.JUnitReportReporter -->
<testsuite hostname="LAPTOP-GAUPM6CM" failures="0" tests="1" name="may23rd.DynamicWebTable" time="47.966" errors="0" timestamp="2024-05-23T20:44:42 IST" skipped="0">
  <testcase classname="may23rd.DynamicWebTable" name="webTableTest" time="47.966"/>
</testsuite> <!-- may23rd.DynamicWebTable -->
