<?xml version="1.0" encoding="UTF-8"?>
<!-- Generated by org.testng.reporters.JUnitReportReporter -->
<testsuite hostname="LAPTOP-GAUPM6CM" failures="0" tests="1" name="may10th.Sample" time="20.506" errors="0" timestamp="2024-05-14T20:40:22 IST" skipped="0">
  <testcase classname="may10th.Sample" name="abcTest" time="20.506"/>
</testsuite> <!-- may10th.Sample -->
