<?xml version="1.0" encoding="UTF-8"?>
<!-- Generated by org.testng.reporters.JUnitReportReporter -->
<testsuite hostname="LAPTOP-GAUPM6CM" failures="0" tests="1" name="may16th.MultipleWindowHandle" time="53.082" errors="0" timestamp="2024-05-16T21:06:46 IST" skipped="0">
  <testcase classname="may16th.MultipleWindowHandle" name="mutlipleWindowHandlingTest" time="53.082"/>
</testsuite> <!-- may16th.MultipleWindowHandle -->
