<?xml version="1.0" encoding="UTF-8"?>
<!-- Generated by org.testng.reporters.JUnitReportReporter -->
<testsuite hostname="LAPTOP-GAUPM6CM" failures="0" tests="1" name="may20th.AlertHandling" time="11.352" errors="0" timestamp="2024-05-20T20:55:14 IST" skipped="0">
  <testcase classname="may20th.AlertHandling" name="alertHandlingTest" time="11.352"/>
</testsuite> <!-- may20th.AlertHandling -->
