<?xml version="1.0" encoding="UTF-8"?>
<!-- Generated by org.testng.reporters.JUnitReportReporter -->
<testsuite hostname="LAPTOP-GAUPM6CM" failures="0" tests="3" name="may22nd.CheckBox" time="32.623" errors="0" timestamp="2024-05-22T21:26:43 IST" skipped="0">
  <testcase classname="may22nd.CheckBox" name="radioButtonTestForNoneSelection" time="9.924"/>
  <testcase classname="may22nd.CheckBox" name="radioButtonTestForAllSelection" time="9.271"/>
  <testcase classname="may22nd.CheckBox" name="checkButtonTest" time="13.428"/>
</testsuite> <!-- may22nd.CheckBox -->
