<?xml version="1.0" encoding="UTF-8"?>
<!-- Generated by org.testng.reporters.JUnitReportReporter -->
<testsuite hostname="LAPTOP-GAUPM6CM" failures="0" tests="1" name="may20th.AlertHandling2" time="36.882" errors="0" timestamp="2024-05-20T21:14:54 IST" skipped="0">
  <testcase classname="may20th.AlertHandling2" name="alertHandlingTest" time="36.882"/>
</testsuite> <!-- may20th.AlertHandling2 -->
