<?xml version="1.0" encoding="UTF-8"?>
<!-- Generated by org.testng.reporters.JUnitReportReporter -->
<testsuite hostname="LAPTOP-GAUPM6CM" failures="0" tests="1" name="may22nd.ExplicitWaitDemo1" time="13.078" errors="0" timestamp="2024-05-22T20:52:37 IST" skipped="0">
  <testcase classname="may22nd.ExplicitWaitDemo1" name="waitsTest" time="13.078"/>
</testsuite> <!-- may22nd.ExplicitWaitDemo1 -->
