<?xml version="1.0" encoding="UTF-8"?>
<!-- Generated by org.testng.reporters.JUnitReportReporter -->
<testsuite hostname="LAPTOP-GAUPM6CM" failures="0" tests="1" name="may17th.FrameHanlding3" time="23.273" errors="0" timestamp="2024-05-17T21:29:24 IST" skipped="0">
  <testcase classname="may17th.FrameHanlding3" name="frameHandlingTest" time="23.273"/>
</testsuite> <!-- may17th.FrameHanlding3 -->
