<?xml version="1.0" encoding="UTF-8"?>
<!-- Generated by org.testng.reporters.JUnitReportReporter -->
<testsuite hostname="LAPTOP-GAUPM6CM" failures="0" tests="2" name="may22nd.RadioButton" time="20.484" errors="0" timestamp="2024-05-22T21:14:30 IST" skipped="0">
  <testcase classname="may22nd.RadioButton" name="radioButtonTest2" time="9.009"/>
  <testcase classname="may22nd.RadioButton" name="radioButtonTest" time="11.475"/>
</testsuite> <!-- may22nd.RadioButton -->
