<?xml version="1.0" encoding="UTF-8"?>
<!-- Generated by org.testng.reporters.JUnitReportReporter -->
<testsuite hostname="LAPTOP-GAUPM6CM" failures="0" tests="1" name="may21st.ImplicitWaitDemo1" time="8.708" errors="0" timestamp="2024-05-21T21:31:59 IST" skipped="0">
  <testcase classname="may21st.ImplicitWaitDemo1" name="waitsTest" time="8.708"/>
</testsuite> <!-- may21st.ImplicitWaitDemo1 -->
