<?xml version="1.0" encoding="UTF-8"?>
<!-- Generated by org.testng.reporters.JUnitReportReporter -->
<testsuite hostname="LAPTOP-GAUPM6CM" failures="0" tests="1" name="may17th.FrameHanlding" time="9.838" errors="0" timestamp="2024-05-17T20:49:25 IST" skipped="0">
  <testcase classname="may17th.FrameHanlding" name="frameHandlingTest" time="9.838"/>
</testsuite> <!-- may17th.FrameHanlding -->
