<?xml version="1.0" encoding="UTF-8"?>
<!-- Generated by org.testng.reporters.JUnitReportReporter -->
<testsuite hostname="LAPTOP-GAUPM6CM" failures="0" tests="1" name="may21st.JavaScriptExecutorToClickAllLinks" time="31.667" errors="0" timestamp="2024-05-21T21:22:55 IST" skipped="0">
  <testcase classname="may21st.JavaScriptExecutorToClickAllLinks" name="scrollTest" time="31.667"/>
</testsuite> <!-- may21st.JavaScriptExecutorToClickAllLinks -->
