<?xml version="1.0" encoding="UTF-8"?>
<!-- Generated by org.testng.reporters.JUnitReportReporter -->
<testsuite hostname="LAPTOP-GAUPM6CM" failures="0" tests="4" name="may10th.TestNGDemo2" time="0.043" errors="0" timestamp="2024-05-10T21:13:28 IST" skipped="0">
  <testcase classname="may10th.TestNGDemo2" name="registrationTest" time="0.009"/>
  <testcase classname="may10th.TestNGDemo2" name="loginTest" time="0.008"/>
  <testcase classname="may10th.TestNGDemo2" name="forgotPasswordTest" time="0.023"/>
  <testcase classname="may10th.TestNGDemo2" name="changePasswordTest" time="0.003"/>
</testsuite> <!-- may10th.TestNGDemo2 -->
