<?xml version="1.0" encoding="UTF-8"?>
<!-- Generated by org.testng.reporters.JUnitReportReporter -->
<testsuite hostname="LAPTOP-GAUPM6CM" failures="0" tests="1" name="assignments.FileUpload" time="47.092" errors="0" timestamp="2024-05-22T10:53:37 IST" skipped="0">
  <testcase classname="assignments.FileUpload" name="frameHandlingTest" time="47.092"/>
</testsuite> <!-- assignments.FileUpload -->
