<?xml version="1.0" encoding="UTF-8"?>
<!-- Generated by org.testng.reporters.JUnitReportReporter -->
<testsuite hostname="LAPTOP-GAUPM6CM" failures="0" tests="1" name="may16th.MultipleWindowHandle2" time="51.332" errors="0" timestamp="2024-05-16T21:11:08 IST" skipped="0">
  <testcase classname="may16th.MultipleWindowHandle2" name="mutlipleWindowHandlingTest" time="51.332"/>
</testsuite> <!-- may16th.MultipleWindowHandle2 -->
