<?xml version="1.0" encoding="UTF-8"?>
<!-- Generated by org.testng.reporters.JUnitReportReporter -->
<testsuite hostname="LAPTOP-GAUPM6CM" failures="0" tests="1" name="may22nd.StaticWebTable2" time="52.638" errors="0" timestamp="2024-05-22T21:41:35 IST" skipped="0">
  <testcase classname="may22nd.StaticWebTable2" name="webTableTest" time="52.638"/>
</testsuite> <!-- may22nd.StaticWebTable2 -->
