<?xml version="1.0" encoding="UTF-8"?>
<!-- Generated by org.testng.reporters.JUnitReportReporter -->
<testsuite hostname="LAPTOP-GAUPM6CM" failures="0" tests="1" name="may22nd.StaticWebTable1" time="38.522" errors="0" timestamp="2024-05-22T21:36:50 IST" skipped="0">
  <testcase classname="may22nd.StaticWebTable1" name="webTableTest" time="38.522"/>
</testsuite> <!-- may22nd.StaticWebTable1 -->
