<?xml version="1.0" encoding="UTF-8"?>
<!-- Generated by org.testng.reporters.JUnitReportReporter -->
<testsuite hostname="LAPTOP-GAUPM6CM" failures="0" tests="1" name="may21st.ScrollUsingJS" time="22.931" errors="0" timestamp="2024-05-21T20:44:53 IST" skipped="0">
  <testcase classname="may21st.ScrollUsingJS" name="alertHandlingTest" time="22.931"/>
</testsuite> <!-- may21st.ScrollUsingJS -->
