<?xml version="1.0" encoding="UTF-8"?>
<!-- Generated by org.testng.reporters.JUnitReportReporter -->
<testsuite hostname="LAPTOP-GAUPM6CM" failures="0" tests="1" name="may15th.DragAndDrop" time="9.708" errors="0" timestamp="2024-05-15T21:01:07 IST" skipped="0">
  <testcase classname="may15th.DragAndDrop" name="dragAndDropTest" time="9.708"/>
</testsuite> <!-- may15th.DragAndDrop -->
