<?xml version="1.0" encoding="UTF-8"?>
<!-- Generated by org.testng.reporters.JUnitReportReporter -->
<testsuite hostname="LAPTOP-GAUPM6CM" failures="0" tests="1" name="may21st.JavaScriptExecutorClick" time="12.159" errors="0" timestamp="2024-05-21T21:05:00 IST" skipped="0">
  <testcase classname="may21st.JavaScriptExecutorClick" name="scrollTest" time="12.159"/>
</testsuite> <!-- may21st.JavaScriptExecutorClick -->
